# JRE version: OpenJDK Runtime Environment Temurin-21.0.10+7 (21.0.10+7) (build 21.0.10+7-LTS)
# Java VM: OpenJDK 64-Bit Server VM Temurin-21.0.10+7 (21.0.10+7-LTS, mixed mode, sharing, tiered, compressed oops, compressed class ptrs, parallel gc, windows-amd64)
GC Precious Log:
 CardTable entry size: 512
 CPUs: 12 total, 12 available
 Memory: 7916M
 Large Page Support: Disabled
 NUMA Support: Disabled
 Compressed Oops: Enabled (32-bit)
 Alignments: Space 512K, Generation 512K, Heap 2M
 Heap Min Capacity: 100M
 Heap Initial Capacity: 100M
 Heap Max Capacity: 2G
 Pre-touch: Disabled
 Parallel Workers: 10
Heap:
 PSYoungGen      total 8704K, used 8113K [0x00000000d5580000, 0x00000000d5f80000, 0x0000000100000000)
  eden space 8192K, 94% used [0x00000000d5580000,0x00000000d5d14608,0x00000000d5d80000)
  from space 512K, 68% used [0x00000000d5f00000,0x00000000d5f58000,0x00000000d5f80000)
  to   space 512K, 0% used [0x00000000d5e80000,0x00000000d5e80000,0x00000000d5f00000)
 ParOldGen       total 81920K, used 68527K [0x0000000080000000, 0x0000000085000000, 0x00000000d5580000)
  object space 81920K, 83% used [0x0000000080000000,0x00000000842ebd20,0x0000000085000000)
 Metaspace       used 65102K, committed 66752K, reserved 1114112K
  class space    used 6907K, committed 7616K, reserved 1048576K
GC Heap History (20 events):
Event: 160.756 GC heap before
{Heap before GC invocations=94 (full 3):
 PSYoungGen      total 9216K, used 8805K [0x00000000d5580000, 0x00000000d6280000, 0x0000000100000000)
  eden space 8192K, 100% used [0x00000000d5580000,0x00000000d5d80000,0x00000000d5d80000)
  from space 1024K, 59% used [0x00000000d6180000,0x00000000d6219420,0x00000000d6280000)
  to   space 1024K, 0% used [0x00000000d6080000,0x00000000d6080000,0x00000000d6180000)
 ParOldGen       total 81920K, used 60491K [0x0000000080000000, 0x0000000085000000, 0x00000000d5580000)
  object space 81920K, 73% used [0x0000000080000000,0x0000000083b12e40,0x0000000085000000)
 Metaspace       used 62240K, committed 63744K, reserved 1114112K
  class space    used 6631K, committed 7232K, reserved 1048576K
}
Event: 160.760 GC heap after
{Heap after GC invocations=94 (full 3):
 PSYoungGen      total 9216K, used 592K [0x00000000d5580000, 0x00000000d6200000, 0x0000000100000000)
  eden space 8192K, 0% used [0x00000000d5580000,0x00000000d5580000,0x00000000d5d80000)
  from space 1024K, 57% used [0x00000000d6080000,0x00000000d6114010,0x00000000d6180000)
  to   space 512K, 0% used [0x00000000d6180000,0x00000000d6180000,0x00000000d6200000)
 ParOldGen       total 81920K, used 60903K [0x0000000080000000, 0x0000000085000000, 0x00000000d5580000)
  object space 81920K, 74% used [0x0000000080000000,0x0000000083b79fc8,0x0000000085000000)
 Metaspace       used 62240K, committed 63744K, reserved 1114112K
  class space    used 6631K, committed 7232K, reserved 1048576K
}
Event: 161.204 GC heap before
{Heap before GC invocations=95 (full 3):
 PSYoungGen      total 9216K, used 8784K [0x00000000d5580000, 0x00000000d6200000, 0x0000000100000000)
  eden space 8192K, 100% used [0x00000000d5580000,0x00000000d5d80000,0x00000000d5d80000)
  from space 1024K, 57% used [0x00000000d6080000,0x00000000d6114010,0x00000000d6180000)
  to   space 512K, 0% used [0x00000000d6180000,0x00000000d6180000,0x00000000d6200000)
 ParOldGen       total 81920K, used 60903K [0x0000000080000000, 0x0000000085000000, 0x00000000d5580000)
  object space 81920K, 74% used [0x0000000080000000,0x0000000083b79fc8,0x0000000085000000)
 Metaspace       used 62354K, committed 63872K, reserved 1114112K
  class space    used 6652K, committed 7296K, reserved 1048576K
}
Event: 161.225 GC heap after
{Heap after GC invocations=95 (full 3):
 PSYoungGen      total 8704K, used 492K [0x00000000d5580000, 0x00000000d6480000, 0x0000000100000000)
  eden space 8192K, 0% used [0x00000000d5580000,0x00000000d5580000,0x00000000d5d80000)
  from space 512K, 96% used [0x00000000d6180000,0x00000000d61fb3a8,0x00000000d6200000)
  to   space 3584K, 0% used [0x00000000d5d80000,0x00000000d5d80000,0x00000000d6100000)
 ParOldGen       total 81920K, used 63299K [0x0000000080000000, 0x0000000085000000, 0x00000000d5580000)
  object space 81920K, 77% used [0x0000000080000000,0x0000000083dd0c28,0x0000000085000000)
 Metaspace       used 62354K, committed 63872K, reserved 1114112K
  class space    used 6652K, committed 7296K, reserved 1048576K
}
Event: 161.806 GC heap before
{Heap before GC invocations=96 (full 3):
 PSYoungGen      total 8704K, used 8684K [0x00000000d5580000, 0x00000000d6480000, 0x0000000100000000)
  eden space 8192K, 100% used [0x00000000d5580000,0x00000000d5d80000,0x00000000d5d80000)
  from space 512K, 96% used [0x00000000d6180000,0x00000000d61fb3a8,0x00000000d6200000)
  to   space 3584K, 0% used [0x00000000d5d80000,0x00000000d5d80000,0x00000000d6100000)
 ParOldGen       total 81920K, used 63299K [0x0000000080000000, 0x0000000085000000, 0x00000000d5580000)
  object space 81920K, 77% used [0x0000000080000000,0x0000000083dd0c28,0x0000000085000000)
 Metaspace       used 62744K, committed 64320K, reserved 1114112K
  class space    used 6700K, committed 7360K, reserved 1048576K
}
Event: 161.811 GC heap after
{Heap after GC invocations=96 (full 3):
 PSYoungGen      total 10752K, used 2339K [0x00000000d5580000, 0x00000000d6280000, 0x0000000100000000)
  eden space 8192K, 0% used [0x00000000d5580000,0x00000000d5580000,0x00000000d5d80000)
  from space 2560K, 91% used [0x00000000d5d80000,0x00000000d5fc8dd0,0x00000000d6000000)
  to   space 2560K, 0% used [0x00000000d6000000,0x00000000d6000000,0x00000000d6280000)
 ParOldGen       total 81920K, used 63751K [0x0000000080000000, 0x0000000085000000, 0x00000000d5580000)
  object space 81920K, 77% used [0x0000000080000000,0x0000000083e41f98,0x0000000085000000)
 Metaspace       used 62744K, committed 64320K, reserved 1114112K
  class space    used 6700K, committed 7360K, reserved 1048576K
}
Event: 162.298 GC heap before
{Heap before GC invocations=97 (full 3):
 PSYoungGen      total 10752K, used 10531K [0x00000000d5580000, 0x00000000d6280000, 0x0000000100000000)
  eden space 8192K, 100% used [0x00000000d5580000,0x00000000d5d80000,0x00000000d5d80000)
  from space 2560K, 91% used [0x00000000d5d80000,0x00000000d5fc8dd0,0x00000000d6000000)
  to   space 2560K, 0% used [0x00000000d6000000,0x00000000d6000000,0x00000000d6280000)
 ParOldGen       total 81920K, used 63751K [0x0000000080000000, 0x0000000085000000, 0x00000000d5580000)
  object space 81920K, 77% used [0x0000000080000000,0x0000000083e41f98,0x0000000085000000)
 Metaspace       used 63358K, committed 64896K, reserved 1114112K
  class space    used 6757K, committed 7360K, reserved 1048576K
}
Event: 162.311 GC heap after
{Heap after GC invocations=97 (full 3):
 PSYoungGen      total 9728K, used 1122K [0x00000000d5580000, 0x00000000d6180000, 0x0000000100000000)
  eden space 8192K, 0% used [0x00000000d5580000,0x00000000d5580000,0x00000000d5d80000)
  from space 1536K, 73% used [0x00000000d6000000,0x00000000d6118b78,0x00000000d6180000)
  to   space 2048K, 0% used [0x00000000d5d80000,0x00000000d5d80000,0x00000000d5f80000)
 ParOldGen       total 81920K, used 65947K [0x0000000080000000, 0x0000000085000000, 0x00000000d5580000)
  object space 81920K, 80% used [0x0000000080000000,0x0000000084066d38,0x0000000085000000)
 Metaspace       used 63358K, committed 64896K, reserved 1114112K
  class space    used 6757K, committed 7360K, reserved 1048576K
}
Event: 162.900 GC heap before
{Heap before GC invocations=98 (full 3):
 PSYoungGen      total 9728K, used 9314K [0x00000000d5580000, 0x00000000d6180000, 0x0000000100000000)
  eden space 8192K, 100% used [0x00000000d5580000,0x00000000d5d80000,0x00000000d5d80000)
  from space 1536K, 73% used [0x00000000d6000000,0x00000000d6118b78,0x00000000d6180000)
  to   space 2048K, 0% used [0x00000000d5d80000,0x00000000d5d80000,0x00000000d5f80000)
 ParOldGen       total 81920K, used 65947K [0x0000000080000000, 0x0000000085000000, 0x00000000d5580000)
  object space 81920K, 80% used [0x0000000080000000,0x0000000084066d38,0x0000000085000000)
 Metaspace       used 64137K, committed 65664K, reserved 1114112K
  class space    used 6848K, committed 7488K, reserved 1048576K
}
Event: 162.908 GC heap after
{Heap after GC invocations=98 (full 3):
 PSYoungGen      total 9728K, used 1141K [0x00000000d5580000, 0x00000000d6080000, 0x0000000100000000)
  eden space 8192K, 0% used [0x00000000d5580000,0x00000000d5580000,0x00000000d5d80000)
  from space 1536K, 74% used [0x00000000d5d80000,0x00000000d5e9d640,0x00000000d5f00000)
  to   space 1536K, 0% used [0x00000000d5f00000,0x00000000d5f00000,0x00000000d6080000)
 ParOldGen       total 81920K, used 66868K [0x0000000080000000, 0x0000000085000000, 0x00000000d5580000)
  object space 81920K, 81% used [0x0000000080000000,0x000000008414d270,0x0000000085000000)
 Metaspace       used 64137K, committed 65664K, reserved 1114112K
  class space    used 6848K, committed 7488K, reserved 1048576K
}
Event: 167.827 GC heap before
{Heap before GC invocations=99 (full 3):
 PSYoungGen      total 9728K, used 9333K [0x00000000d5580000, 0x00000000d6080000, 0x0000000100000000)
  eden space 8192K, 99% used [0x00000000d5580000,0x00000000d5d7ffb0,0x00000000d5d80000)
  from space 1536K, 74% used [0x00000000d5d80000,0x00000000d5e9d640,0x00000000d5f00000)
  to   space 1536K, 0% used [0x00000000d5f00000,0x00000000d5f00000,0x00000000d6080000)
 ParOldGen       total 81920K, used 66868K [0x0000000080000000, 0x0000000085000000, 0x00000000d5580000)
  object space 81920K, 81% used [0x0000000080000000,0x000000008414d270,0x0000000085000000)
 Metaspace       used 64456K, committed 66112K, reserved 1114112K
  class space    used 6872K, committed 7552K, reserved 1048576K
}
Event: 167.832 GC heap after
{Heap after GC invocations=99 (full 3):
 PSYoungGen      total 9216K, used 704K [0x00000000d5580000, 0x00000000d6000000, 0x0000000100000000)
  eden space 8192K, 0% used [0x00000000d5580000,0x00000000d5580000,0x00000000d5d80000)
  from space 1024K, 68% used [0x00000000d5f00000,0x00000000d5fb0000,0x00000000d6000000)
  to   space 1024K, 0% used [0x00000000d5e00000,0x00000000d5e00000,0x00000000d5f00000)
 ParOldGen       total 81920K, used 67803K [0x0000000080000000, 0x0000000085000000, 0x00000000d5580000)
  object space 81920K, 82% used [0x0000000080000000,0x0000000084236c08,0x0000000085000000)
 Metaspace       used 64456K, committed 66112K, reserved 1114112K
  class space    used 6872K, committed 7552K, reserved 1048576K
}
Event: 185.531 GC heap before
{Heap before GC invocations=100 (full 3):
 PSYoungGen      total 9216K, used 8896K [0x00000000d5580000, 0x00000000d6000000, 0x0000000100000000)
  eden space 8192K, 100% used [0x00000000d5580000,0x00000000d5d80000,0x00000000d5d80000)
  from space 1024K, 68% used [0x00000000d5f00000,0x00000000d5fb0000,0x00000000d6000000)
  to   space 1024K, 0% used [0x00000000d5e00000,0x00000000d5e00000,0x00000000d5f00000)
 ParOldGen       total 81920K, used 67803K [0x0000000080000000, 0x0000000085000000, 0x00000000d5580000)
  object space 81920K, 82% used [0x0000000080000000,0x0000000084236c08,0x0000000085000000)
 Metaspace       used 64504K, committed 66112K, reserved 1114112K
  class space    used 6872K, committed 7552K, reserved 1048576K
}
Event: 185.533 GC heap after
{Heap after GC invocations=100 (full 3):
 PSYoungGen      total 9216K, used 160K [0x00000000d5580000, 0x00000000d5f80000, 0x0000000100000000)
  eden space 8192K, 0% used [0x00000000d5580000,0x00000000d5580000,0x00000000d5d80000)
  from space 1024K, 15% used [0x00000000d5e00000,0x00000000d5e28000,0x00000000d5f00000)
  to   space 512K, 0% used [0x00000000d5f00000,0x00000000d5f00000,0x00000000d5f80000)
 ParOldGen       total 81920K, used 68327K [0x0000000080000000, 0x0000000085000000, 0x00000000d5580000)
  object space 81920K, 83% used [0x0000000080000000,0x00000000842b9d20,0x0000000085000000)
 Metaspace       used 64504K, committed 66112K, reserved 1114112K
  class space    used 6872K, committed 7552K, reserved 1048576K
}
Event: 192.459 GC heap before
{Heap before GC invocations=101 (full 3):
 PSYoungGen      total 9216K, used 8352K [0x00000000d5580000, 0x00000000d5f80000, 0x0000000100000000)
  eden space 8192K, 100% used [0x00000000d5580000,0x00000000d5d80000,0x00000000d5d80000)
  from space 1024K, 15% used [0x00000000d5e00000,0x00000000d5e28000,0x00000000d5f00000)
  to   space 512K, 0% used [0x00000000d5f00000,0x00000000d5f00000,0x00000000d5f80000)
 ParOldGen       total 81920K, used 68327K [0x0000000080000000, 0x0000000085000000, 0x00000000d5580000)
  object space 81920K, 83% used [0x0000000080000000,0x00000000842b9d20,0x0000000085000000)
 Metaspace       used 64535K, committed 66112K, reserved 1114112K
  class space    used 6872K, committed 7552K, reserved 1048576K
}
Event: 192.462 GC heap after
{Heap after GC invocations=101 (full 3):
 PSYoungGen      total 8704K, used 288K [0x00000000d5580000, 0x00000000d5f80000, 0x0000000100000000)
  eden space 8192K, 0% used [0x00000000d5580000,0x00000000d5580000,0x00000000d5d80000)
  from space 512K, 56% used [0x00000000d5f00000,0x00000000d5f48000,0x00000000d5f80000)
  to   space 512K, 0% used [0x00000000d5e80000,0x00000000d5e80000,0x00000000d5f00000)
 ParOldGen       total 81920K, used 68391K [0x0000000080000000, 0x0000000085000000, 0x00000000d5580000)
  object space 81920K, 83% used [0x0000000080000000,0x00000000842c9d20,0x0000000085000000)
 Metaspace       used 64535K, committed 66112K, reserved 1114112K
  class space    used 6872K, committed 7552K, reserved 1048576K
}
Event: 309.933 GC heap before
{Heap before GC invocations=102 (full 3):
 PSYoungGen      total 8704K, used 8480K [0x00000000d5580000, 0x00000000d5f80000, 0x0000000100000000)
  eden space 8192K, 100% used [0x00000000d5580000,0x00000000d5d80000,0x00000000d5d80000)
  from space 512K, 56% used [0x00000000d5f00000,0x00000000d5f48000,0x00000000d5f80000)
  to   space 512K, 0% used [0x00000000d5e80000,0x00000000d5e80000,0x00000000d5f00000)
 ParOldGen       total 81920K, used 68391K [0x0000000080000000, 0x0000000085000000, 0x00000000d5580000)
  object space 81920K, 83% used [0x0000000080000000,0x00000000842c9d20,0x0000000085000000)
 Metaspace       used 64554K, committed 66112K, reserved 1114112K
  class space    used 6873K, committed 7552K, reserved 1048576K
}
Event: 309.944 GC heap after
{Heap after GC invocations=102 (full 3):
 PSYoungGen      total 8704K, used 352K [0x00000000d5580000, 0x00000000d5f80000, 0x0000000100000000)
  eden space 8192K, 0% used [0x00000000d5580000,0x00000000d5580000,0x00000000d5d80000)
  from space 512K, 68% used [0x00000000d5e80000,0x00000000d5ed8000,0x00000000d5f00000)
  to   space 512K, 0% used [0x00000000d5f00000,0x00000000d5f00000,0x00000000d5f80000)
 ParOldGen       total 81920K, used 68455K [0x0000000080000000, 0x0000000085000000, 0x00000000d5580000)
  object space 81920K, 83% used [0x0000000080000000,0x00000000842d9d20,0x0000000085000000)
 Metaspace       used 64554K, committed 66112K, reserved 1114112K
  class space    used 6873K, committed 7552K, reserved 1048576K
}
Event: 332.686 GC heap before
{Heap before GC invocations=103 (full 3):
 PSYoungGen      total 8704K, used 8544K [0x00000000d5580000, 0x00000000d5f80000, 0x0000000100000000)
  eden space 8192K, 100% used [0x00000000d5580000,0x00000000d5d80000,0x00000000d5d80000)
  from space 512K, 68% used [0x00000000d5e80000,0x00000000d5ed8000,0x00000000d5f00000)
  to   space 512K, 0% used [0x00000000d5f00000,0x00000000d5f00000,0x00000000d5f80000)
 ParOldGen       total 81920K, used 68455K [0x0000000080000000, 0x0000000085000000, 0x00000000d5580000)
  object space 81920K, 83% used [0x0000000080000000,0x00000000842d9d20,0x0000000085000000)
 Metaspace       used 64716K, committed 66304K, reserved 1114112K
  class space    used 6877K, committed 7552K, reserved 1048576K
}
Event: 332.689 GC heap after
{Heap after GC invocations=103 (full 3):
 PSYoungGen      total 8704K, used 352K [0x00000000d5580000, 0x00000000d5f80000, 0x0000000100000000)
  eden space 8192K, 0% used [0x00000000d5580000,0x00000000d5580000,0x00000000d5d80000)
  from space 512K, 68% used [0x00000000d5f00000,0x00000000d5f58000,0x00000000d5f80000)
  to   space 512K, 0% used [0x00000000d5e80000,0x00000000d5e80000,0x00000000d5f00000)
 ParOldGen       total 81920K, used 68527K [0x0000000080000000, 0x0000000085000000, 0x00000000d5580000)
  object space 81920K, 83% used [0x0000000080000000,0x00000000842ebd20,0x0000000085000000)
 Metaspace       used 64716K, committed 66304K, reserved 1114112K
  class space    used 6877K, committed 7552K, reserved 1048576K
}

